*********************************************************************
* LD Score Regression (LDSC)
* Version 1.0.1
* (C) 2014-2019 Brendan Bulik-Sullivan and Hilary Finucane
* Broad Institute of MIT and Harvard / MIT Department of Mathematics
* GNU General Public License v3
*********************************************************************
Call: 
./ldsc.py \
--ref-ld-chr /media/kame/Data/_workings/resource/eur_w_ld_chr/ \
--out /media/kame/Data/_workings/projects/StressNSSIGenetics/1_ldsc/results/rg_SESA_SCZ \
--rg /media/kame/Data/_workings/projects/StressNSSIGenetics/1_ldsc/results/SESA.sumstats.gz,/media/kame/Data/_workings/projects/StressNSSIGenetics/0_data/Psy/SCZ.sumstats.gz \
--w-ld-chr /media/kame/Data/_workings/resource/eur_w_ld_chr/ 

Beginning analysis at Fri May  2 17:07:35 2025
Reading summary statistics from /media/kame/Data/_workings/projects/StressNSSIGenetics/1_ldsc/results/SESA.sumstats.gz ...
Read summary statistics for 1163808 SNPs.
Reading reference panel LD Score from /media/kame/Data/_workings/resource/eur_w_ld_chr/[1-22] ... (ldscore_fromlist)
Read reference panel LD Scores for 1290028 SNPs.
Removing partitioned LD Scores with zero variance.
Reading regression weight LD Score from /media/kame/Data/_workings/resource/eur_w_ld_chr/[1-22] ... (ldscore_fromlist)
Read regression weight LD Scores for 1290028 SNPs.
After merging with reference panel LD, 1137464 SNPs remain.
After merging with regression SNP LD, 1137464 SNPs remain.
Computing rg for phenotype 2/2
Reading summary statistics from /media/kame/Data/_workings/projects/StressNSSIGenetics/0_data/Psy/SCZ.sumstats.gz ...
Read summary statistics for 1135278 SNPs.
After merging with summary statistics, 1096483 SNPs remain.
1096483 SNPs with valid alleles.

Heritability of phenotype 1
---------------------------
Total Observed scale h2: 0.0839 (0.0032)
Lambda GC: 1.4745
Mean Chi^2: 1.6023
Intercept: 1.0187 (0.011)
Ratio: 0.031 (0.0183)

Heritability of phenotype 2/2
-----------------------------
Total Observed scale h2: 0.8128 (0.0309)
Lambda GC: 1.7785
Mean Chi^2: 2.0601
Intercept: 1.073 (0.0152)
Ratio: 0.0689 (0.0143)

Genetic Covariance
------------------
Total Observed scale gencov: 0.0506 (0.0068)
Mean z1*z2: 0.1521
Intercept: 0.0067 (0.009)

Genetic Correlation
-------------------
Genetic Correlation: 0.1936 (0.0249)
Z-score: 7.7651
P: 8.1575e-15


Summary of Genetic Correlation Results
p1                                                                                 p2      rg      se       z           p  h2_obs  h2_obs_se  h2_int  h2_int_se  gcov_int  gcov_int_se
/media/kame/Data/_workings/projects/StressNSSIGenetics/1_ldsc/results/SESA.sumstats.gz  /media/kame/Data/_workings/projects/StressNSSIGenetics/0_data/Psy/SCZ.sumstats.gz  0.1936  0.0249  7.7651  8.1575e-15  0.8128     0.0309   1.073     0.0152    0.0067        0.009

Analysis finished at Fri May  2 17:07:40 2025
Total time elapsed: 5.75s
