*********************************************************************
* LD Score Regression (LDSC)
* Version 1.0.1
* (C) 2014-2019 Brendan Bulik-Sullivan and Hilary Finucane
* Broad Institute of MIT and Harvard / MIT Department of Mathematics
* GNU General Public License v3
*********************************************************************
Call: 
./ldsc.py \
--ref-ld-chr /media/kame/Data/_workings/resource/eur_w_ld_chr/ \
--out /media/kame/Data/_workings/projects/StressNSSIGenetics/1_ldsc/results/rg_SESA_ANX \
--rg /media/kame/Data/_workings/projects/StressNSSIGenetics/1_ldsc/results/SESA.sumstats.gz,/media/kame/Data/_workings/projects/StressNSSIGenetics/0_data/Psy/ANX.sumstats.gz \
--w-ld-chr /media/kame/Data/_workings/resource/eur_w_ld_chr/ 

Beginning analysis at Fri May  2 17:06:57 2025
Reading summary statistics from /media/kame/Data/_workings/projects/StressNSSIGenetics/1_ldsc/results/SESA.sumstats.gz ...
Read summary statistics for 1163808 SNPs.
Reading reference panel LD Score from /media/kame/Data/_workings/resource/eur_w_ld_chr/[1-22] ... (ldscore_fromlist)
Read reference panel LD Scores for 1290028 SNPs.
Removing partitioned LD Scores with zero variance.
Reading regression weight LD Score from /media/kame/Data/_workings/resource/eur_w_ld_chr/[1-22] ... (ldscore_fromlist)
Read regression weight LD Scores for 1290028 SNPs.
After merging with reference panel LD, 1137464 SNPs remain.
After merging with regression SNP LD, 1137464 SNPs remain.
Computing rg for phenotype 2/2
Reading summary statistics from /media/kame/Data/_workings/projects/StressNSSIGenetics/0_data/Psy/ANX.sumstats.gz ...
Read summary statistics for 1102788 SNPs.
After merging with summary statistics, 1054076 SNPs remain.
1054076 SNPs with valid alleles.

Heritability of phenotype 1
---------------------------
Total Observed scale h2: 0.0827 (0.0032)
Lambda GC: 1.4926
Mean Chi^2: 1.6235
Intercept: 1.0381 (0.0118)
Ratio: 0.0611 (0.0189)

Heritability of phenotype 2/2
-----------------------------
Total Observed scale h2: 0.0762 (0.0298)
Lambda GC: 1.037
Mean Chi^2: 1.0303
Intercept: 1.0039 (0.0066)
Ratio: 0.1279 (0.2175)

Genetic Covariance
------------------
Total Observed scale gencov: 0.0547 (0.0071)
Mean z1*z2: 0.0858
Intercept: 0.0043 (0.0062)

Genetic Correlation
-------------------
Genetic Correlation: 0.689 (0.1526)
Z-score: 4.515
P: 6.3306e-06


Summary of Genetic Correlation Results
p1                                                                                 p2     rg      se      z           p  h2_obs  h2_obs_se  h2_int  h2_int_se  gcov_int  gcov_int_se
/media/kame/Data/_workings/projects/StressNSSIGenetics/1_ldsc/results/SESA.sumstats.gz  /media/kame/Data/_workings/projects/StressNSSIGenetics/0_data/Psy/ANX.sumstats.gz  0.689  0.1526  4.515  6.3306e-06  0.0762     0.0298  1.0039     0.0066    0.0043       0.0062

Analysis finished at Fri May  2 17:07:03 2025
Total time elapsed: 5.91s
