*********************************************************************
* LD Score Regression (LDSC)
* Version 1.0.1
* (C) 2014-2019 Brendan Bulik-Sullivan and Hilary Finucane
* Broad Institute of MIT and Harvard / MIT Department of Mathematics
* GNU General Public License v3
*********************************************************************
Call: 
./ldsc.py \
--ref-ld-chr /media/kame/Data/_workings/resource/eur_w_ld_chr/ \
--out /media/kame/Data/_workings/projects/StressNSSIGenetics/1_ldsc/results/rg_SESA_ADHD \
--rg /media/kame/Data/_workings/projects/StressNSSIGenetics/1_ldsc/results/SESA.sumstats.gz,/media/kame/Data/_workings/projects/StressNSSIGenetics/0_data/Psy/ADHD.sumstats.gz \
--w-ld-chr /media/kame/Data/_workings/resource/eur_w_ld_chr/ 

Beginning analysis at Fri May  2 17:06:46 2025
Reading summary statistics from /media/kame/Data/_workings/projects/StressNSSIGenetics/1_ldsc/results/SESA.sumstats.gz ...
Read summary statistics for 1163808 SNPs.
Reading reference panel LD Score from /media/kame/Data/_workings/resource/eur_w_ld_chr/[1-22] ... (ldscore_fromlist)
Read reference panel LD Scores for 1290028 SNPs.
Removing partitioned LD Scores with zero variance.
Reading regression weight LD Score from /media/kame/Data/_workings/resource/eur_w_ld_chr/[1-22] ... (ldscore_fromlist)
Read regression weight LD Scores for 1290028 SNPs.
After merging with reference panel LD, 1137464 SNPs remain.
After merging with regression SNP LD, 1137464 SNPs remain.
Computing rg for phenotype 2/2
Reading summary statistics from /media/kame/Data/_workings/projects/StressNSSIGenetics/0_data/Psy/ADHD.sumstats.gz ...
Read summary statistics for 1067415 SNPs.
After merging with summary statistics, 1039453 SNPs remain.
1039453 SNPs with valid alleles.

Heritability of phenotype 1
---------------------------
Total Observed scale h2: 0.083 (0.0033)
Lambda GC: 1.4926
Mean Chi^2: 1.624
Intercept: 1.0261 (0.0124)
Ratio: 0.0418 (0.0199)

Heritability of phenotype 2/2
-----------------------------
Total Observed scale h2: 0.5443 (0.0353)
Lambda GC: 1.2539
Mean Chi^2: 1.2988
Intercept: 1.0375 (0.0101)
Ratio: 0.1254 (0.034)

Genetic Covariance
------------------
Total Observed scale gencov: 0.0307 (0.0071)
Mean z1*z2: 0.0533
Intercept: -0.0018 (0.0069)

Genetic Correlation
-------------------
Genetic Correlation: 0.1446 (0.0336)
Z-score: 4.3063
P: 1.6599e-05


Summary of Genetic Correlation Results
p1                                                                                  p2      rg      se       z           p  h2_obs  h2_obs_se  h2_int  h2_int_se  gcov_int  gcov_int_se
/media/kame/Data/_workings/projects/StressNSSIGenetics/1_ldsc/results/SESA.sumstats.gz  /media/kame/Data/_workings/projects/StressNSSIGenetics/0_data/Psy/ADHD.sumstats.gz  0.1446  0.0336  4.3063  1.6599e-05  0.5443     0.0353  1.0375     0.0101   -0.0018       0.0069

Analysis finished at Fri May  2 17:06:51 2025
Total time elapsed: 5.57s
