*********************************************************************
* LD Score Regression (LDSC)
* Version 1.0.1
* (C) 2014-2019 Brendan Bulik-Sullivan and Hilary Finucane
* Broad Institute of MIT and Harvard / MIT Department of Mathematics
* GNU General Public License v3
*********************************************************************
Call: 
./ldsc.py \
--ref-ld-chr /media/kame/Data/_workings/resource/eur_w_ld_chr/ \
--out /media/kame/Data/_workings/projects/StressNSSIGenetics/1_ldsc/results/rg_SESA_PTSD \
--rg /media/kame/Data/_workings/projects/StressNSSIGenetics/1_ldsc/results/SESA.sumstats.gz,/media/kame/Data/_workings/projects/StressNSSIGenetics/0_data/Psy/PTSD.sumstats.gz \
--w-ld-chr /media/kame/Data/_workings/resource/eur_w_ld_chr/ 

Beginning analysis at Fri May  2 17:07:28 2025
Reading summary statistics from /media/kame/Data/_workings/projects/StressNSSIGenetics/1_ldsc/results/SESA.sumstats.gz ...
Read summary statistics for 1163808 SNPs.
Reading reference panel LD Score from /media/kame/Data/_workings/resource/eur_w_ld_chr/[1-22] ... (ldscore_fromlist)
Read reference panel LD Scores for 1290028 SNPs.
Removing partitioned LD Scores with zero variance.
Reading regression weight LD Score from /media/kame/Data/_workings/resource/eur_w_ld_chr/[1-22] ... (ldscore_fromlist)
Read regression weight LD Scores for 1290028 SNPs.
After merging with reference panel LD, 1137464 SNPs remain.
After merging with regression SNP LD, 1137464 SNPs remain.
Computing rg for phenotype 2/2
Reading summary statistics from /media/kame/Data/_workings/projects/StressNSSIGenetics/0_data/Psy/PTSD.sumstats.gz ...
Read summary statistics for 1172490 SNPs.
After merging with summary statistics, 1121183 SNPs remain.
1121183 SNPs with valid alleles.

Heritability of phenotype 1
---------------------------
Total Observed scale h2: 0.0831 (0.0031)
Lambda GC: 1.4673
Mean Chi^2: 1.5921
Intercept: 1.0226 (0.0103)
Ratio: 0.0381 (0.0174)

Heritability of phenotype 2/2
-----------------------------
Total Observed scale h2: 0.0409 (0.0072)
Lambda GC: 1.0694
Mean Chi^2: 1.0793
Intercept: 1.0228 (0.0064)
Ratio: 0.2877 (0.0802)

Genetic Covariance
------------------
Total Observed scale gencov: 0.0257 (0.0031)
Mean z1*z2: 0.1262
Intercept: 0.0475 (0.0054)

Genetic Correlation
-------------------
Genetic Correlation: 0.4399 (0.0586)
Z-score: 7.5049
P: 6.1454e-14


Summary of Genetic Correlation Results
p1                                                                                  p2      rg      se       z           p  h2_obs  h2_obs_se  h2_int  h2_int_se  gcov_int  gcov_int_se
/media/kame/Data/_workings/projects/StressNSSIGenetics/1_ldsc/results/SESA.sumstats.gz  /media/kame/Data/_workings/projects/StressNSSIGenetics/0_data/Psy/PTSD.sumstats.gz  0.4399  0.0586  7.5049  6.1454e-14  0.0409     0.0072  1.0228     0.0064    0.0475       0.0054

Analysis finished at Fri May  2 17:07:34 2025
Total time elapsed: 6.13s
