*********************************************************************
* LD Score Regression (LDSC)
* Version 1.0.1
* (C) 2014-2019 Brendan Bulik-Sullivan and Hilary Finucane
* Broad Institute of MIT and Harvard / MIT Department of Mathematics
* GNU General Public License v3
*********************************************************************
Call: 
./ldsc.py \
--ref-ld-chr /media/kame/Data/_workings/resource/eur_w_ld_chr/ \
--out /media/kame/Data/_workings/projects/StressNSSIGenetics/1_ldsc/results/rg_SESA_SelfHarm \
--rg /media/kame/Data/_workings/projects/StressNSSIGenetics/1_ldsc/results/SESA.sumstats.gz,/media/kame/Data/_workings/projects/StressNSSIGenetics/0_data/Psy/SelfHarm.sumstats.gz \
--w-ld-chr /media/kame/Data/_workings/resource/eur_w_ld_chr/ 

Beginning analysis at Fri May  2 17:07:40 2025
Reading summary statistics from /media/kame/Data/_workings/projects/StressNSSIGenetics/1_ldsc/results/SESA.sumstats.gz ...
Read summary statistics for 1163808 SNPs.
Reading reference panel LD Score from /media/kame/Data/_workings/resource/eur_w_ld_chr/[1-22] ... (ldscore_fromlist)
Read reference panel LD Scores for 1290028 SNPs.
Removing partitioned LD Scores with zero variance.
Reading regression weight LD Score from /media/kame/Data/_workings/resource/eur_w_ld_chr/[1-22] ... (ldscore_fromlist)
Read regression weight LD Scores for 1290028 SNPs.
After merging with reference panel LD, 1137464 SNPs remain.
After merging with regression SNP LD, 1137464 SNPs remain.
Computing rg for phenotype 2/2
Reading summary statistics from /media/kame/Data/_workings/projects/StressNSSIGenetics/0_data/Psy/SelfHarm.sumstats.gz ...
Read summary statistics for 1165781 SNPs.
After merging with summary statistics, 1100540 SNPs remain.
1100540 SNPs with valid alleles.

Heritability of phenotype 1
---------------------------
Total Observed scale h2: 0.0838 (0.0029)
Lambda GC: 1.4637
Mean Chi^2: 1.588
Intercept: 1.0185 (0.0094)
Ratio: 0.0314 (0.016)

Heritability of phenotype 2/2
-----------------------------
Total Observed scale h2: 0.2123 (0.0147)
Lambda GC: 1.2299
Mean Chi^2: 1.2364
Intercept: 1.048 (0.0084)
Ratio: 0.2033 (0.0357)

Genetic Covariance
------------------
Total Observed scale gencov: 0.0309 (0.0047)
Mean z1*z2: 0.0768
Intercept: 0.0013 (0.0058)

Genetic Correlation
-------------------
Genetic Correlation: 0.2317 (0.0339)
Z-score: 6.8333
P: 8.299e-12


Summary of Genetic Correlation Results
p1                                                                                      p2      rg      se       z           p  h2_obs  h2_obs_se  h2_int  h2_int_se  gcov_int  gcov_int_se
/media/kame/Data/_workings/projects/StressNSSIGenetics/1_ldsc/results/SESA.sumstats.gz  /media/kame/Data/_workings/projects/StressNSSIGenetics/0_data/Psy/SelfHarm.sumstats.gz  0.2317  0.0339  6.8333  8.2990e-12  0.2123     0.0147   1.048     0.0084    0.0013       0.0058

Analysis finished at Fri May  2 17:07:47 2025
Total time elapsed: 6.01s
