*********************************************************************
* LD Score Regression (LDSC)
* Version 1.0.1
* (C) 2014-2019 Brendan Bulik-Sullivan and Hilary Finucane
* Broad Institute of MIT and Harvard / MIT Department of Mathematics
* GNU General Public License v3
*********************************************************************
Call: 
./ldsc.py \
--ref-ld-chr /media/kame/Data/_workings/resource/eur_w_ld_chr/ \
--out /media/kame/Data/_workings/projects/StressNSSIGenetics/1_ldsc/results/rg_SESA_OCD \
--rg /media/kame/Data/_workings/projects/StressNSSIGenetics/1_ldsc/results/SESA.sumstats.gz,/media/kame/Data/_workings/projects/StressNSSIGenetics/0_data/Psy/OCD.sumstats.gz \
--w-ld-chr /media/kame/Data/_workings/resource/eur_w_ld_chr/ 

Beginning analysis at Fri May  2 17:07:22 2025
Reading summary statistics from /media/kame/Data/_workings/projects/StressNSSIGenetics/1_ldsc/results/SESA.sumstats.gz ...
Read summary statistics for 1163808 SNPs.
Reading reference panel LD Score from /media/kame/Data/_workings/resource/eur_w_ld_chr/[1-22] ... (ldscore_fromlist)
Read reference panel LD Scores for 1290028 SNPs.
Removing partitioned LD Scores with zero variance.
Reading regression weight LD Score from /media/kame/Data/_workings/resource/eur_w_ld_chr/[1-22] ... (ldscore_fromlist)
Read regression weight LD Scores for 1290028 SNPs.
After merging with reference panel LD, 1137464 SNPs remain.
After merging with regression SNP LD, 1137464 SNPs remain.
Computing rg for phenotype 2/2
Reading summary statistics from /media/kame/Data/_workings/projects/StressNSSIGenetics/0_data/Psy/OCD.sumstats.gz ...
Read summary statistics for 1109421 SNPs.
After merging with summary statistics, 1068466 SNPs remain.
1068466 SNPs with valid alleles.

Heritability of phenotype 1
---------------------------
Total Observed scale h2: 0.084 (0.0033)
Lambda GC: 1.4817
Mean Chi^2: 1.6113
Intercept: 1.0193 (0.0109)
Ratio: 0.0316 (0.0179)

Heritability of phenotype 2/2
-----------------------------
Total Observed scale h2: 0.4234 (0.0622)
Lambda GC: 1.0514
Mean Chi^2: 1.0567
Intercept: 0.9891 (0.0072)
Ratio < 0 (usually indicates GC correction).

Genetic Covariance
------------------
Total Observed scale gencov: 0.0587 (0.0086)
Mean z1*z2: 0.062
Intercept: -0.0013 (0.0057)

Genetic Correlation
-------------------
Genetic Correlation: 0.3112 (0.0512)
Z-score: 6.0833
P: 1.1774e-09


Summary of Genetic Correlation Results
p1                                                                                 p2      rg      se       z           p  h2_obs  h2_obs_se  h2_int  h2_int_se  gcov_int  gcov_int_se
/media/kame/Data/_workings/projects/StressNSSIGenetics/1_ldsc/results/SESA.sumstats.gz  /media/kame/Data/_workings/projects/StressNSSIGenetics/0_data/Psy/OCD.sumstats.gz  0.3112  0.0512  6.0833  1.1774e-09  0.4234     0.0622  0.9891     0.0072   -0.0013       0.0057

Analysis finished at Fri May  2 17:07:28 2025
Total time elapsed: 6.08s
