*********************************************************************
* LD Score Regression (LDSC)
* Version 1.0.1
* (C) 2014-2019 Brendan Bulik-Sullivan and Hilary Finucane
* Broad Institute of MIT and Harvard / MIT Department of Mathematics
* GNU General Public License v3
*********************************************************************
Call: 
./munge_sumstats.py \
--out /media/kame/Data/_workings/projects/StressNSSIGenetics/1_ldsc/results/SESA \
--merge-alleles /media/kame/Data/_workings/resource/w_hm3.snplist \
--chunksize 500000 \
--a1 A1 \
--a2 A2 \
--sumstats /media/kame/Data/_workings/projects/StressNSSIGenetics/0_data/SESA_from_neuroticism/SESA.tsv 

Interpreting column names as follows:
INFO:	INFO score (imputation quality; higher --> better imputation)
N:	Sample size
A1:	Allele 1, interpreted as ref allele for signed sumstat.
P:	p-Value
BETA:	[linear/logistic] regression coefficient (0 --> no effect; above 0 --> A1 is trait/risk increasing)
A2:	Allele 2, interpreted as non-ref allele for signed sumstat.
SNP:	Variant ID (e.g., rs number)

Reading list of SNPs for allele merge from /media/kame/Data/_workings/resource/w_hm3.snplist
Read 1217311 SNPs for allele merge.
Reading sumstats from /media/kame/Data/_workings/projects/StressNSSIGenetics/0_data/SESA_from_neuroticism/SESA.tsv into memory 500000 SNPs at a time.
Read 10847150 SNPs from --sumstats file.
Removed 9682820 SNPs not in --merge-alleles.
Removed 0 SNPs with missing values.
Removed 0 SNPs with INFO <= 0.9.
Removed 0 SNPs with MAF <= 0.01.
Removed 0 SNPs with out-of-bounds p-values.
Removed 205 variants that were not SNPs or were strand-ambiguous.
1164125 SNPs remain.
Removed 0 SNPs with duplicated rs numbers (1164125 SNPs remain).
Removed 0 SNPs with N < 234551.333333 (1164125 SNPs remain).
Median value of BETA was 1.866e-05, which seems sensible.
Removed 317 SNPs whose alleles did not match --merge-alleles (1163808 SNPs remain).
Writing summary statistics for 1217311 SNPs (1163808 with nonmissing beta) to /media/kame/Data/_workings/projects/StressNSSIGenetics/1_ldsc/results/SESA.sumstats.gz.

Metadata:
Mean chi^2 = 1.583
Lambda GC = 1.455
Max chi^2 = 87.839
581 Genome-wide significant SNPs (some may have been removed by filtering).

Conversion finished at Fri May  2 02:34:11 2025
Total time elapsed: 19.49s
