*********************************************************************
* LD Score Regression (LDSC)
* Version 1.0.1
* (C) 2014-2019 Brendan Bulik-Sullivan and Hilary Finucane
* Broad Institute of MIT and Harvard / MIT Department of Mathematics
* GNU General Public License v3
*********************************************************************
Call: 
./ldsc.py \
--h2 /media/kame/Data/_workings/projects/StressNSSIGenetics/1_ldsc/results/SESA.sumstats.gz \
--ref-ld-chr /media/kame/Data/_workings/resource/eur_w_ld_chr/ \
--out /media/kame/Data/_workings/projects/StressNSSIGenetics/1_ldsc/results/SESA_h2 \
--w-ld-chr /media/kame/Data/_workings/resource/eur_w_ld_chr/ 

Beginning analysis at Fri May  2 02:35:03 2025
Reading summary statistics from /media/kame/Data/_workings/projects/StressNSSIGenetics/1_ldsc/results/SESA.sumstats.gz ...
Read summary statistics for 1163808 SNPs.
Reading reference panel LD Score from /media/kame/Data/_workings/resource/eur_w_ld_chr/[1-22] ... (ldscore_fromlist)
Read reference panel LD Scores for 1290028 SNPs.
Removing partitioned LD Scores with zero variance.
Reading regression weight LD Score from /media/kame/Data/_workings/resource/eur_w_ld_chr/[1-22] ... (ldscore_fromlist)
Read regression weight LD Scores for 1290028 SNPs.
After merging with reference panel LD, 1137464 SNPs remain.
After merging with regression SNP LD, 1137464 SNPs remain.
Using two-step estimator with cutoff at 30.
Total Observed scale h2: 0.0821 (0.0028)
Lambda GC: 1.4637
Mean Chi^2: 1.5879
Intercept: 1.0272 (0.0099)
Ratio: 0.0463 (0.0168)
Analysis finished at Fri May  2 02:35:07 2025
Total time elapsed: 3.99s
