Multivariate ld-score regression of 2 traits (D:/_workings/projects/StressNSSIGenetics/0_data/SESA_from_neuroticism/SESA.sumstats.gz D:/_workings/projects/StressNSSIGenetics/0_data/Psy/SCZ.sumstats.gz) began at: 2025-05-02 01:32:10.510744
Reading in LD scores
Read in summary statistics [1/2] from: D:/_workings/projects/StressNSSIGenetics/0_data/SESA_from_neuroticism/SESA.sumstats.gz
Out of 1163808 SNPs, 1137464 remain after merging with LD-score files
Removing 0 SNPs with Chi^2 > 351.827; 1137464 remain
Read in summary statistics [2/2] from: D:/_workings/projects/StressNSSIGenetics/0_data/Psy/SCZ.sumstats.gz
Out of 1135278 SNPs, 1129208 remain after merging with LD-score files
Removing 46 SNPs with Chi^2 > 80; 1129162 remain
          
Estimating heritability [1/3] for: D:/_workings/projects/StressNSSIGenetics/0_data/SESA_from_neuroticism/SESA.sumstats.gz
Heritability Results for trait: D:/_workings/projects/StressNSSIGenetics/0_data/SESA_from_neuroticism/SESA.sumstats.gz
Mean Chi^2 across remaining SNPs: 1.5879
Lambda GC: 1.4636
Intercept: 1.02 (0.0099)
Ratio: 0.0339 (0.0168)
Total Observed Scale h2: 0.0836 (0.003)
h2 Z: 27.9
     
Calculating genetic covariance [2/3] for traits: D:/_workings/projects/StressNSSIGenetics/0_data/SESA_from_neuroticism/SESA.sumstats.gz and D:/_workings/projects/StressNSSIGenetics/0_data/Psy/SCZ.sumstats.gz
1096437 SNPs remain after merging D:/_workings/projects/StressNSSIGenetics/0_data/SESA_from_neuroticism/SESA.sumstats.gz and D:/_workings/projects/StressNSSIGenetics/0_data/Psy/SCZ.sumstats.gz summary statistics
Results for genetic covariance between: D:/_workings/projects/StressNSSIGenetics/0_data/SESA_from_neuroticism/SESA.sumstats.gz and D:/_workings/projects/StressNSSIGenetics/0_data/Psy/SCZ.sumstats.gz
Mean Z*Z: 0.1512
Cross trait Intercept: 0.0068 (0.009)
Total Observed Scale Genetic Covariance (g_cov): 0.0503 (0.0068)
g_cov Z: 7.42
g_cov P-value: 1.2158e-13
          
Estimating heritability [3/3] for: D:/_workings/projects/StressNSSIGenetics/0_data/Psy/SCZ.sumstats.gz
     
Please note that the results initially printed to the screen and log file reflect the NON-liability h2 and cov_g. However, a liability conversion is being used for trait D:/_workings/projects/StressNSSIGenetics/0_data/Psy/SCZ.sumstats.gz when creating the genetic covariance matrix used as input for Genomic SEM and liability scale results are printed at the end of the log file.
     
Heritability Results for trait: D:/_workings/projects/StressNSSIGenetics/0_data/Psy/SCZ.sumstats.gz
Mean Chi^2 across remaining SNPs: 2.0452
Lambda GC: 1.7695
Intercept: 1.0793 (0.0147)
Ratio: 0.0758 (0.0141)
Total Observed Scale h2: 0.8027 (0.0285)
h2 Z: 28.2
     
      
Liability Scale Results
     
Liability scale results for: SESA
Total Liability Scale h2: 0.0836 (0.003)
Total Liability Scale Genetic Covariance between SESA and SCZ: 0.0374 (0.005)
     
     
Liability scale results for: SCZ
Total Liability Scale h2: 0.443 (0.0157)
     
      
Genetic Correlation Results
Genetic Correlation between SESA and SCZ: 0.1941 (0.0262)
     
     
LDSC finished running at 2025-05-02 01:32:18.761399
Running LDSC for all files took 0 minutes and 8 seconds
     
