Multivariate ld-score regression of 2 traits (D:/_workings/projects/StressNSSIGenetics/0_data/SESA_from_neuroticism/SESA.sumstats.gz D:/_workings/projects/StressNSSIGenetics/0_data/Psy/PTSD.sumstats.gz) began at: 2025-05-02 01:32:01.88305
Reading in LD scores
Read in summary statistics [1/2] from: D:/_workings/projects/StressNSSIGenetics/0_data/SESA_from_neuroticism/SESA.sumstats.gz
Out of 1163808 SNPs, 1137464 remain after merging with LD-score files
Removing 0 SNPs with Chi^2 > 351.827; 1137464 remain
Read in summary statistics [2/2] from: D:/_workings/projects/StressNSSIGenetics/0_data/Psy/PTSD.sumstats.gz
Out of 1172490 SNPs, 1160678 remain after merging with LD-score files
Removing 0 SNPs with Chi^2 > 80; 1160678 remain
          
Estimating heritability [1/3] for: D:/_workings/projects/StressNSSIGenetics/0_data/SESA_from_neuroticism/SESA.sumstats.gz
Heritability Results for trait: D:/_workings/projects/StressNSSIGenetics/0_data/SESA_from_neuroticism/SESA.sumstats.gz
Mean Chi^2 across remaining SNPs: 1.5879
Lambda GC: 1.4636
Intercept: 1.02 (0.0099)
Ratio: 0.0339 (0.0168)
Total Observed Scale h2: 0.0836 (0.003)
h2 Z: 27.9
     
Calculating genetic covariance [2/3] for traits: D:/_workings/projects/StressNSSIGenetics/0_data/SESA_from_neuroticism/SESA.sumstats.gz and D:/_workings/projects/StressNSSIGenetics/0_data/Psy/PTSD.sumstats.gz
1121183 SNPs remain after merging D:/_workings/projects/StressNSSIGenetics/0_data/SESA_from_neuroticism/SESA.sumstats.gz and D:/_workings/projects/StressNSSIGenetics/0_data/Psy/PTSD.sumstats.gz summary statistics
Results for genetic covariance between: D:/_workings/projects/StressNSSIGenetics/0_data/SESA_from_neuroticism/SESA.sumstats.gz and D:/_workings/projects/StressNSSIGenetics/0_data/Psy/PTSD.sumstats.gz
Mean Z*Z: 0.1262
Cross trait Intercept: 0.0476 (0.0054)
Total Observed Scale Genetic Covariance (g_cov): 0.0256 (0.0031)
g_cov Z: 8.27
g_cov P-value: 1.3576e-16
          
Estimating heritability [3/3] for: D:/_workings/projects/StressNSSIGenetics/0_data/Psy/PTSD.sumstats.gz
     
Please note that the results initially printed to the screen and log file reflect the NON-liability h2 and cov_g. However, a liability conversion is being used for trait D:/_workings/projects/StressNSSIGenetics/0_data/Psy/PTSD.sumstats.gz when creating the genetic covariance matrix used as input for Genomic SEM and liability scale results are printed at the end of the log file.
     
Heritability Results for trait: D:/_workings/projects/StressNSSIGenetics/0_data/Psy/PTSD.sumstats.gz
Mean Chi^2 across remaining SNPs: 1.0783
Lambda GC: 1.0689
Intercept: 1.0214 (0.0065)
Ratio: 0.274 (0.0831)
Total Observed Scale h2: 0.0421 (0.0074)
h2 Z: 5.66
     
      
Liability Scale Results
     
Liability scale results for: SESA
Total Liability Scale h2: 0.0836 (0.003)
Total Liability Scale Genetic Covariance between SESA and PTSD: 0.0253 (0.0031)
     
     
Liability scale results for: PTSD
Total Liability Scale h2: 0.0412 (0.0073)
     
      
Genetic Correlation Results
Genetic Correlation between SESA and PTSD: 0.4313 (0.0522)
     
     
LDSC finished running at 2025-05-02 01:32:10.502069
Running LDSC for all files took 0 minutes and 8 seconds
     
