Multivariate ld-score regression of 2 traits (D:/_workings/projects/StressPsyGenetics/0_data/SESA_from_neuroticism/SESA.sumstats.gz D:/_workings/projects/StressPsyGenetics/0_data/Psy/ADHD.sumstats.gz) began at: 2025-10-08 02:41:46.576572
Reading in LD scores
Read in summary statistics [1/2] from: D:/_workings/projects/StressPsyGenetics/0_data/SESA_from_neuroticism/SESA.sumstats.gz
Out of 1163808 SNPs, 1137464 remain after merging with LD-score files
Removing 0 SNPs with Chi^2 > 351.827; 1137464 remain
Read in summary statistics [2/2] from: D:/_workings/projects/StressPsyGenetics/0_data/Psy/ADHD.sumstats.gz
Out of 1067415 SNPs, 1062951 remain after merging with LD-score files
Removing 0 SNPs with Chi^2 > 80; 1062951 remain
          
Estimating heritability [1/3] for: D:/_workings/projects/StressPsyGenetics/0_data/SESA_from_neuroticism/SESA.sumstats.gz
Heritability Results for trait: D:/_workings/projects/StressPsyGenetics/0_data/SESA_from_neuroticism/SESA.sumstats.gz
Mean Chi^2 across remaining SNPs: 1.5879
Lambda GC: 1.4636
Intercept: 1.02 (0.0099)
Ratio: 0.0339 (0.0168)
Total Observed Scale h2: 0.0836 (0.003)
h2 Z: 27.9
     
Calculating genetic covariance [2/3] for traits: D:/_workings/projects/StressPsyGenetics/0_data/SESA_from_neuroticism/SESA.sumstats.gz and D:/_workings/projects/StressPsyGenetics/0_data/Psy/ADHD.sumstats.gz
1039453 SNPs remain after merging D:/_workings/projects/StressPsyGenetics/0_data/SESA_from_neuroticism/SESA.sumstats.gz and D:/_workings/projects/StressPsyGenetics/0_data/Psy/ADHD.sumstats.gz summary statistics
Results for genetic covariance between: D:/_workings/projects/StressPsyGenetics/0_data/SESA_from_neuroticism/SESA.sumstats.gz and D:/_workings/projects/StressPsyGenetics/0_data/Psy/ADHD.sumstats.gz
Mean Z*Z: 0.0533
Cross trait Intercept: -0.0021 (0.007)
Total Observed Scale Genetic Covariance (g_cov): 0.031 (0.0072)
g_cov Z: 4.33
g_cov P-value: 1.5156e-05
          
Estimating heritability [3/3] for: D:/_workings/projects/StressPsyGenetics/0_data/Psy/ADHD.sumstats.gz
     
Please note that the results initially printed to the screen and log file reflect the NON-liability h2 and cov_g. However, a liability conversion is being used for trait D:/_workings/projects/StressPsyGenetics/0_data/Psy/ADHD.sumstats.gz when creating the genetic covariance matrix used as input for Genomic SEM and liability scale results are printed at the end of the log file.
     
Heritability Results for trait: D:/_workings/projects/StressPsyGenetics/0_data/Psy/ADHD.sumstats.gz
Mean Chi^2 across remaining SNPs: 1.2964
Lambda GC: 1.2521
Intercept: 1.0323 (0.0102)
Ratio: 0.109 (0.0344)
Total Observed Scale h2: 0.5591 (0.0366)
h2 Z: 15.3
     
      
Liability Scale Results
     
Liability scale results for: SESA
Total Liability Scale h2: 0.0836 (0.003)
Total Liability Scale Genetic Covariance between SESA and ADHD: 0.0286 (0.0066)
     
     
Liability scale results for: ADHD
Total Liability Scale h2: 0.4744 (0.031)
     
      
Genetic Correlation Results
Genetic Correlation between SESA and ADHD: 0.1435 (0.0332)
     
     
LDSC finished running at 2025-10-08 02:42:18.355283
Running LDSC for all files took 0 minutes and 31 seconds
     
