Multivariate ld-score regression of 2 traits (D:/_workings/projects/StressNSSIGenetics/0_data/SESA_from_neuroticism/SESA.sumstats.gz D:/_workings/projects/StressNSSIGenetics/0_data/Psy/MDD.sumstats.gz) began at: 2025-05-02 01:31:44.89734
Reading in LD scores
Read in summary statistics [1/2] from: D:/_workings/projects/StressNSSIGenetics/0_data/SESA_from_neuroticism/SESA.sumstats.gz
Out of 1163808 SNPs, 1137464 remain after merging with LD-score files
Removing 0 SNPs with Chi^2 > 351.827; 1137464 remain
Read in summary statistics [2/2] from: D:/_workings/projects/StressNSSIGenetics/0_data/Psy/MDD.sumstats.gz
Out of 1086749 SNPs, 1079642 remain after merging with LD-score files
Removing 0 SNPs with Chi^2 > 80; 1079642 remain
          
Estimating heritability [1/3] for: D:/_workings/projects/StressNSSIGenetics/0_data/SESA_from_neuroticism/SESA.sumstats.gz
Heritability Results for trait: D:/_workings/projects/StressNSSIGenetics/0_data/SESA_from_neuroticism/SESA.sumstats.gz
Mean Chi^2 across remaining SNPs: 1.5879
Lambda GC: 1.4636
Intercept: 1.02 (0.0099)
Ratio: 0.0339 (0.0168)
Total Observed Scale h2: 0.0836 (0.003)
h2 Z: 27.9
     
Calculating genetic covariance [2/3] for traits: D:/_workings/projects/StressNSSIGenetics/0_data/SESA_from_neuroticism/SESA.sumstats.gz and D:/_workings/projects/StressNSSIGenetics/0_data/Psy/MDD.sumstats.gz
1053041 SNPs remain after merging D:/_workings/projects/StressNSSIGenetics/0_data/SESA_from_neuroticism/SESA.sumstats.gz and D:/_workings/projects/StressNSSIGenetics/0_data/Psy/MDD.sumstats.gz summary statistics
Results for genetic covariance between: D:/_workings/projects/StressNSSIGenetics/0_data/SESA_from_neuroticism/SESA.sumstats.gz and D:/_workings/projects/StressNSSIGenetics/0_data/Psy/MDD.sumstats.gz
Mean Z*Z: 0.1768
Cross trait Intercept: 0.0043 (0.0076)
Total Observed Scale Genetic Covariance (g_cov): 0.063 (0.0046)
g_cov Z: 13.7
g_cov P-value: 1.0058e-42
          
Estimating heritability [3/3] for: D:/_workings/projects/StressNSSIGenetics/0_data/Psy/MDD.sumstats.gz
     
Please note that the results initially printed to the screen and log file reflect the NON-liability h2 and cov_g. However, a liability conversion is being used for trait D:/_workings/projects/StressNSSIGenetics/0_data/Psy/MDD.sumstats.gz when creating the genetic covariance matrix used as input for Genomic SEM and liability scale results are printed at the end of the log file.
     
Heritability Results for trait: D:/_workings/projects/StressNSSIGenetics/0_data/Psy/MDD.sumstats.gz
Mean Chi^2 across remaining SNPs: 1.2123
Lambda GC: 1.1973
Intercept: 0.9969 (0.009)
Ratio: -0.0144 (0.0426)
Total Observed Scale h2: 0.1929 (0.013)
h2 Z: 14.8
     
      
Liability Scale Results
     
Liability scale results for: SESA
Total Liability Scale h2: 0.0836 (0.003)
Total Liability Scale Genetic Covariance between SESA and MDD: 0.0761 (0.0056)
     
     
Liability scale results for: MDD
Total Liability Scale h2: 0.282 (0.0191)
     
      
Genetic Correlation Results
Genetic Correlation between SESA and MDD: 0.4957 (0.0362)
     
     
LDSC finished running at 2025-05-02 01:31:53.451265
Running LDSC for all files took 0 minutes and 8 seconds
     
