Multivariate ld-score regression of 2 traits (D:/_workings/projects/StressNSSIGenetics/0_data/SESA_from_neuroticism/SESA.sumstats.gz D:/_workings/projects/StressNSSIGenetics/0_data/Psy/TS.sumstats.gz) began at: 2025-05-02 01:32:27.554903
Reading in LD scores
Read in summary statistics [1/2] from: D:/_workings/projects/StressNSSIGenetics/0_data/SESA_from_neuroticism/SESA.sumstats.gz
Out of 1163808 SNPs, 1137464 remain after merging with LD-score files
Removing 0 SNPs with Chi^2 > 351.827; 1137464 remain
Read in summary statistics [2/2] from: D:/_workings/projects/StressNSSIGenetics/0_data/Psy/TS.sumstats.gz
Out of 1143919 SNPs, 1134351 remain after merging with LD-score files
Removing 0 SNPs with Chi^2 > 80; 1134351 remain
          
Estimating heritability [1/3] for: D:/_workings/projects/StressNSSIGenetics/0_data/SESA_from_neuroticism/SESA.sumstats.gz
Heritability Results for trait: D:/_workings/projects/StressNSSIGenetics/0_data/SESA_from_neuroticism/SESA.sumstats.gz
Mean Chi^2 across remaining SNPs: 1.5879
Lambda GC: 1.4636
Intercept: 1.02 (0.0099)
Ratio: 0.0339 (0.0168)
Total Observed Scale h2: 0.0836 (0.003)
h2 Z: 27.9
     
Calculating genetic covariance [2/3] for traits: D:/_workings/projects/StressNSSIGenetics/0_data/SESA_from_neuroticism/SESA.sumstats.gz and D:/_workings/projects/StressNSSIGenetics/0_data/Psy/TS.sumstats.gz
1097750 SNPs remain after merging D:/_workings/projects/StressNSSIGenetics/0_data/SESA_from_neuroticism/SESA.sumstats.gz and D:/_workings/projects/StressNSSIGenetics/0_data/Psy/TS.sumstats.gz summary statistics
Results for genetic covariance between: D:/_workings/projects/StressNSSIGenetics/0_data/SESA_from_neuroticism/SESA.sumstats.gz and D:/_workings/projects/StressNSSIGenetics/0_data/Psy/TS.sumstats.gz
Mean Z*Z: 0.0358
Cross trait Intercept: -0.0058 (0.0058)
Total Observed Scale Genetic Covariance (g_cov): 0.0313 (0.0079)
g_cov Z: 3.97
g_cov P-value: 7.1467e-05
          
Estimating heritability [3/3] for: D:/_workings/projects/StressNSSIGenetics/0_data/Psy/TS.sumstats.gz
     
Please note that the results initially printed to the screen and log file reflect the NON-liability h2 and cov_g. However, a liability conversion is being used for trait D:/_workings/projects/StressNSSIGenetics/0_data/Psy/TS.sumstats.gz when creating the genetic covariance matrix used as input for Genomic SEM and liability scale results are printed at the end of the log file.
     
Heritability Results for trait: D:/_workings/projects/StressNSSIGenetics/0_data/Psy/TS.sumstats.gz
Mean Chi^2 across remaining SNPs: 1.1187
Lambda GC: 1.1121
Intercept: 1.0138 (0.0079)
Ratio: 0.1164 (0.0669)
Total Observed Scale h2: 0.4061 (0.0469)
h2 Z: 8.65
     
      
Liability Scale Results
     
Liability scale results for: SESA
Total Liability Scale h2: 0.0836 (0.003)
Total Liability Scale Genetic Covariance between SESA and TS: 0.0227 (0.0057)
     
     
Liability scale results for: TS
Total Liability Scale h2: 0.2129 (0.0246)
     
      
Genetic Correlation Results
Genetic Correlation between SESA and TS: 0.17 (0.0428)
     
     
LDSC finished running at 2025-05-02 01:32:36.163517
Running LDSC for all files took 0 minutes and 8 seconds
     
