Multivariate ld-score regression of 2 traits (D:/_workings/projects/StressNSSIGenetics/0_data/SESA_from_neuroticism/SESA.sumstats.gz D:/_workings/projects/StressNSSIGenetics/0_data/Psy/OCD.sumstats.gz) began at: 2025-05-02 01:31:53.453213
Reading in LD scores
Read in summary statistics [1/2] from: D:/_workings/projects/StressNSSIGenetics/0_data/SESA_from_neuroticism/SESA.sumstats.gz
Out of 1163808 SNPs, 1137464 remain after merging with LD-score files
Removing 0 SNPs with Chi^2 > 351.827; 1137464 remain
Read in summary statistics [2/2] from: D:/_workings/projects/StressNSSIGenetics/0_data/Psy/OCD.sumstats.gz
Out of 1109421 SNPs, 1101700 remain after merging with LD-score files
Removing 0 SNPs with Chi^2 > 80; 1101700 remain
          
Estimating heritability [1/3] for: D:/_workings/projects/StressNSSIGenetics/0_data/SESA_from_neuroticism/SESA.sumstats.gz
Heritability Results for trait: D:/_workings/projects/StressNSSIGenetics/0_data/SESA_from_neuroticism/SESA.sumstats.gz
Mean Chi^2 across remaining SNPs: 1.5879
Lambda GC: 1.4636
Intercept: 1.02 (0.0099)
Ratio: 0.0339 (0.0168)
Total Observed Scale h2: 0.0836 (0.003)
h2 Z: 27.9
     
Calculating genetic covariance [2/3] for traits: D:/_workings/projects/StressNSSIGenetics/0_data/SESA_from_neuroticism/SESA.sumstats.gz and D:/_workings/projects/StressNSSIGenetics/0_data/Psy/OCD.sumstats.gz
1068466 SNPs remain after merging D:/_workings/projects/StressNSSIGenetics/0_data/SESA_from_neuroticism/SESA.sumstats.gz and D:/_workings/projects/StressNSSIGenetics/0_data/Psy/OCD.sumstats.gz summary statistics
Results for genetic covariance between: D:/_workings/projects/StressNSSIGenetics/0_data/SESA_from_neuroticism/SESA.sumstats.gz and D:/_workings/projects/StressNSSIGenetics/0_data/Psy/OCD.sumstats.gz
Mean Z*Z: 0.062
Cross trait Intercept: -0.0011 (0.0057)
Total Observed Scale Genetic Covariance (g_cov): 0.0585 (0.0086)
g_cov Z: 6.81
g_cov P-value: 9.9153e-12
          
Estimating heritability [3/3] for: D:/_workings/projects/StressNSSIGenetics/0_data/Psy/OCD.sumstats.gz
     
Please note that the results initially printed to the screen and log file reflect the NON-liability h2 and cov_g. However, a liability conversion is being used for trait D:/_workings/projects/StressNSSIGenetics/0_data/Psy/OCD.sumstats.gz when creating the genetic covariance matrix used as input for Genomic SEM and liability scale results are printed at the end of the log file.
     
Heritability Results for trait: D:/_workings/projects/StressNSSIGenetics/0_data/Psy/OCD.sumstats.gz
Mean Chi^2 across remaining SNPs: 1.0563
Lambda GC: 1.0518
Intercept: 0.9929 (0.0068)
Ratio: -0.1267 (0.1204)
Total Observed Scale h2: 0.4015 (0.0623)
h2 Z: 6.44
     
      
Liability Scale Results
     
Liability scale results for: SESA
Total Liability Scale h2: 0.0836 (0.003)
Total Liability Scale Genetic Covariance between SESA and OCD: 0.0488 (0.0072)
     
     
Liability scale results for: OCD
Total Liability Scale h2: 0.2794 (0.0434)
     
      
Genetic Correlation Results
Genetic Correlation between SESA and OCD: 0.3192 (0.0469)
     
     
LDSC finished running at 2025-05-02 01:32:01.882072
Running LDSC for all files took 0 minutes and 8 seconds
     
