Multivariate ld-score regression of 2 traits (D:/_workings/projects/StressNSSIGenetics/0_data/SESA_from_neuroticism/SESA.sumstats.gz D:/_workings/projects/StressNSSIGenetics/0_data/Psy/BIP.sumstats.gz) began at: 2025-05-02 01:31:36.585273
Reading in LD scores
Read in summary statistics [1/2] from: D:/_workings/projects/StressNSSIGenetics/0_data/SESA_from_neuroticism/SESA.sumstats.gz
Out of 1163808 SNPs, 1137464 remain after merging with LD-score files
Removing 0 SNPs with Chi^2 > 351.827; 1137464 remain
Read in summary statistics [2/2] from: D:/_workings/projects/StressNSSIGenetics/0_data/Psy/BIP.sumstats.gz
Out of 1110247 SNPs, 1094976 remain after merging with LD-score files
Removing 0 SNPs with Chi^2 > 80; 1094976 remain
          
Estimating heritability [1/3] for: D:/_workings/projects/StressNSSIGenetics/0_data/SESA_from_neuroticism/SESA.sumstats.gz
Heritability Results for trait: D:/_workings/projects/StressNSSIGenetics/0_data/SESA_from_neuroticism/SESA.sumstats.gz
Mean Chi^2 across remaining SNPs: 1.5879
Lambda GC: 1.4636
Intercept: 1.02 (0.0099)
Ratio: 0.0339 (0.0168)
Total Observed Scale h2: 0.0836 (0.003)
h2 Z: 27.9
     
Calculating genetic covariance [2/3] for traits: D:/_workings/projects/StressNSSIGenetics/0_data/SESA_from_neuroticism/SESA.sumstats.gz and D:/_workings/projects/StressNSSIGenetics/0_data/Psy/BIP.sumstats.gz
1067483 SNPs remain after merging D:/_workings/projects/StressNSSIGenetics/0_data/SESA_from_neuroticism/SESA.sumstats.gz and D:/_workings/projects/StressNSSIGenetics/0_data/Psy/BIP.sumstats.gz summary statistics
Results for genetic covariance between: D:/_workings/projects/StressNSSIGenetics/0_data/SESA_from_neuroticism/SESA.sumstats.gz and D:/_workings/projects/StressNSSIGenetics/0_data/Psy/BIP.sumstats.gz
Mean Z*Z: 0.0565
Cross trait Intercept: 0.0117 (0.008)
Total Observed Scale Genetic Covariance (g_cov): 0.0248 (0.0075)
g_cov Z: 3.3
g_cov P-value: 0.00097608
          
Estimating heritability [3/3] for: D:/_workings/projects/StressNSSIGenetics/0_data/Psy/BIP.sumstats.gz
     
Please note that the results initially printed to the screen and log file reflect the NON-liability h2 and cov_g. However, a liability conversion is being used for trait D:/_workings/projects/StressNSSIGenetics/0_data/Psy/BIP.sumstats.gz when creating the genetic covariance matrix used as input for Genomic SEM and liability scale results are printed at the end of the log file.
     
Heritability Results for trait: D:/_workings/projects/StressNSSIGenetics/0_data/Psy/BIP.sumstats.gz
Mean Chi^2 across remaining SNPs: 1.3863
Lambda GC: 1.3234
Intercept: 1.0198 (0.0101)
Ratio: 0.0513 (0.0261)
Total Observed Scale h2: 0.7731 (0.0387)
h2 Z: 20
     
      
Liability Scale Results
     
Liability scale results for: SESA
Total Liability Scale h2: 0.0836 (0.003)
Total Liability Scale Genetic Covariance between SESA and BIP: 0.0201 (0.0061)
     
     
Liability scale results for: BIP
Total Liability Scale h2: 0.5068 (0.0254)
     
      
Genetic Correlation Results
Genetic Correlation between SESA and BIP: 0.0977 (0.0296)
     
     
LDSC finished running at 2025-05-02 01:31:44.896255
Running LDSC for all files took 0 minutes and 8 seconds
     
