Multivariate ld-score regression of 2 traits (D:/_workings/projects/StressPsyGenetics/0_data/SESA_from_neuroticism/SESA.sumstats.gz D:/_workings/projects/StressPsyGenetics/0_data/Psy/ANX.sumstats.gz) began at: 2025-10-08 02:43:45.269403
Reading in LD scores
Read in summary statistics [1/2] from: D:/_workings/projects/StressPsyGenetics/0_data/SESA_from_neuroticism/SESA.sumstats.gz
Out of 1163808 SNPs, 1137464 remain after merging with LD-score files
Removing 0 SNPs with Chi^2 > 351.827; 1137464 remain
Read in summary statistics [2/2] from: D:/_workings/projects/StressPsyGenetics/0_data/Psy/ANX.sumstats.gz
Out of 1165781 SNPs, 1144002 remain after merging with LD-score files
Removing 0 SNPs with Chi^2 > 195.666442003935; 1144002 remain
          
Estimating heritability [1/3] for: D:/_workings/projects/StressPsyGenetics/0_data/SESA_from_neuroticism/SESA.sumstats.gz
Heritability Results for trait: D:/_workings/projects/StressPsyGenetics/0_data/SESA_from_neuroticism/SESA.sumstats.gz
Mean Chi^2 across remaining SNPs: 1.5879
Lambda GC: 1.4636
Intercept: 1.02 (0.0099)
Ratio: 0.0339 (0.0168)
Total Observed Scale h2: 0.0836 (0.003)
h2 Z: 27.9
     
Calculating genetic covariance [2/3] for traits: D:/_workings/projects/StressPsyGenetics/0_data/SESA_from_neuroticism/SESA.sumstats.gz and D:/_workings/projects/StressPsyGenetics/0_data/Psy/ANX.sumstats.gz
1100540 SNPs remain after merging D:/_workings/projects/StressPsyGenetics/0_data/SESA_from_neuroticism/SESA.sumstats.gz and D:/_workings/projects/StressPsyGenetics/0_data/Psy/ANX.sumstats.gz summary statistics
Results for genetic covariance between: D:/_workings/projects/StressPsyGenetics/0_data/SESA_from_neuroticism/SESA.sumstats.gz and D:/_workings/projects/StressPsyGenetics/0_data/Psy/ANX.sumstats.gz
Mean Z*Z: 0.1978
Cross trait Intercept: -7e-04 (0.0064)
Total Observed Scale Genetic Covariance (g_cov): 0.0389 (0.0026)
g_cov Z: 14.7
g_cov P-value: 4.6724e-49
          
Estimating heritability [3/3] for: D:/_workings/projects/StressPsyGenetics/0_data/Psy/ANX.sumstats.gz
     
Please note that the results initially printed to the screen and log file reflect the NON-liability h2 and cov_g. However, a liability conversion is being used for trait D:/_workings/projects/StressPsyGenetics/0_data/Psy/ANX.sumstats.gz when creating the genetic covariance matrix used as input for Genomic SEM and liability scale results are printed at the end of the log file.
     
Heritability Results for trait: D:/_workings/projects/StressPsyGenetics/0_data/Psy/ANX.sumstats.gz
Mean Chi^2 across remaining SNPs: 1.5093
Lambda GC: 1.4325
Intercept: 1.114 (0.0106)
Ratio: 0.2238 (0.0207)
Total Observed Scale h2: 0.1054 (0.0056)
h2 Z: 18.8
     
      
Liability Scale Results
     
Liability scale results for: SESA
Total Liability Scale h2: 0.0836 (0.003)
Total Liability Scale Genetic Covariance between SESA and ANX: 0.0398 (0.0027)
     
     
Liability scale results for: ANX
Total Liability Scale h2: 0.1108 (0.0059)
     
      
Genetic Correlation Results
Genetic Correlation between SESA and ANX: 0.414 (0.0281)
     
     
LDSC finished running at 2025-10-08 02:43:57.041937
Running LDSC for all files took 0 minutes and 11 seconds
     
