Multivariate ld-score regression of 2 traits (D:/_workings/projects/StressSHBGenetics/0_data/SESA_from_neuroticism/SESA.sumstats.gz D:/_workings/projects/StressSHBGenetics/0_data/Psy/SelfHarm.sumstats.gz) began at: 2026-03-03 20:27:48.445483
Reading in LD scores
Read in summary statistics [1/2] from: D:/_workings/projects/StressSHBGenetics/0_data/SESA_from_neuroticism/SESA.sumstats.gz
Out of 1163808 SNPs, 1137464 remain after merging with LD-score files
Removing 0 SNPs with Chi^2 > 351.827; 1137464 remain
Read in summary statistics [2/2] from: D:/_workings/projects/StressSHBGenetics/0_data/Psy/SelfHarm.sumstats.gz
Out of 1165781 SNPs, 1144002 remain after merging with LD-score files
Removing 0 SNPs with Chi^2 > 80; 1144002 remain
          
Estimating heritability [1/3] for: D:/_workings/projects/StressSHBGenetics/0_data/SESA_from_neuroticism/SESA.sumstats.gz
Heritability Results for trait: D:/_workings/projects/StressSHBGenetics/0_data/SESA_from_neuroticism/SESA.sumstats.gz
Mean Chi^2 across remaining SNPs: 1.5879
Lambda GC: 1.4636
Intercept: 1.02 (0.0099)
Ratio: 0.0339 (0.0168)
Total Observed Scale h2: 0.0836 (0.003)
h2 Z: 27.9
     
Calculating genetic covariance [2/3] for traits: D:/_workings/projects/StressSHBGenetics/0_data/SESA_from_neuroticism/SESA.sumstats.gz and D:/_workings/projects/StressSHBGenetics/0_data/Psy/SelfHarm.sumstats.gz
1100540 SNPs remain after merging D:/_workings/projects/StressSHBGenetics/0_data/SESA_from_neuroticism/SESA.sumstats.gz and D:/_workings/projects/StressSHBGenetics/0_data/Psy/SelfHarm.sumstats.gz summary statistics
Results for genetic covariance between: D:/_workings/projects/StressSHBGenetics/0_data/SESA_from_neuroticism/SESA.sumstats.gz and D:/_workings/projects/StressSHBGenetics/0_data/Psy/SelfHarm.sumstats.gz
Mean Z*Z: 0.0768
Cross trait Intercept: 0.0011 (0.0058)
Total Observed Scale Genetic Covariance (g_cov): 0.031 (0.0047)
g_cov Z: 6.65
g_cov P-value: 2.9807e-11
          
Estimating heritability [3/3] for: D:/_workings/projects/StressSHBGenetics/0_data/Psy/SelfHarm.sumstats.gz
     
Please note that the results initially printed to the screen and log file reflect the NON-liability h2 and cov_g. However, a liability conversion is being used for trait D:/_workings/projects/StressSHBGenetics/0_data/Psy/SelfHarm.sumstats.gz when creating the genetic covariance matrix used as input for Genomic SEM and liability scale results are printed at the end of the log file.
     
Heritability Results for trait: D:/_workings/projects/StressSHBGenetics/0_data/Psy/SelfHarm.sumstats.gz
Mean Chi^2 across remaining SNPs: 1.233
Lambda GC: 1.2261
Intercept: 1.0469 (0.0082)
Ratio: 0.2011 (0.035)
Total Observed Scale h2: 0.2148 (0.0141)
h2 Z: 15.2
     
      
Liability Scale Results
     
Liability scale results for: SESA
Total Liability Scale h2: 0.0836 (0.003)
Total Liability Scale Genetic Covariance between SESA and SelfHarm: 0.0251 (0.0038)
     
     
Liability scale results for: SelfHarm
Total Liability Scale h2: 0.1408 (0.0093)
     
      
Genetic Correlation Results
Genetic Correlation between SESA and SelfHarm: 0.2311 (0.0348)
     
     
LDSC finished running at 2026-03-03 20:27:59.042629
Running LDSC for all files took 0 minutes and 10 seconds
     
